Watching for file changes with StatReloader
Not Found: /
"GET / HTTP/1.1" 404 17726
"GET /static/debug_toolbar/css/toolbar.css HTTP/1.1" 200 12621
"GET /static/debug_toolbar/css/print.css HTTP/1.1" 200 43
"GET /static/debug_toolbar/js/toolbar.js HTTP/1.1" 200 13404
"GET /static/debug_toolbar/js/utils.js HTTP/1.1" 200 4527
D:\rfid_student_monitoring\attendance_app\urls.py changed, reloading.
Watching for file changes with StatReloader
Watching for file changes with StatReloader
"GET / HTTP/1.1" 302 0
Internal Server Error: /login/
Traceback (most recent call last):
  File "D:\rfid_student_monitoring\venv\lib\site-packages\django\template\backends\django.py", line 61, in render
    return self.template.render(context)
  File "D:\rfid_student_monitoring\venv\lib\site-packages\django\template\base.py", line 175, in render
    return self._render(context)
  File "D:\rfid_student_monitoring\venv\lib\site-packages\django\test\utils.py", line 112, in instrumented_test_render
    return self.nodelist.render(context)
  File "D:\rfid_student_monitoring\venv\lib\site-packages\django\template\base.py", line 1005, in render
    return SafeString("".join([node.render_annotated(context) for node in self]))
  File "D:\rfid_student_monitoring\venv\lib\site-packages\django\template\base.py", line 1005, in <listcomp>
    return SafeString("".join([node.render_annotated(context) for node in self]))
  File "D:\rfid_student_monitoring\venv\lib\site-packages\django\template\base.py", line 966, in render_annotated
    return self.render(context)
  File "D:\rfid_student_monitoring\venv\lib\site-packages\django\template\loader_tags.py", line 132, in render
    compiled_parent = self.get_parent(context)
  File "D:\rfid_student_monitoring\venv\lib\site-packages\django\template\loader_tags.py", line 129, in get_parent
    return self.find_template(parent, context)
  File "D:\rfid_student_monitoring\venv\lib\site-packages\django\template\loader_tags.py", line 107, in find_template
    template, origin = context.template.engine.find_template(
  File "D:\rfid_student_monitoring\venv\lib\site-packages\django\template\engine.py", line 161, in find_template
    raise TemplateDoesNotExist(name, tried=tried)
django.template.exceptions.TemplateDoesNotExist: attendance_app/base.html

The above exception was the direct cause of the following exception:

Traceback (most recent call last):
  File "D:\rfid_student_monitoring\venv\lib\site-packages\django\core\handlers\exception.py", line 55, in inner
    response = get_response(request)
  File "D:\rfid_student_monitoring\venv\lib\site-packages\django\core\handlers\base.py", line 197, in _get_response
    response = wrapped_callback(request, *callback_args, **callback_kwargs)
  File "D:\rfid_student_monitoring\attendance_app\views.py", line 42, in login_view
    return render(request, 'attendance_app/login.html')
  File "D:\rfid_student_monitoring\venv\lib\site-packages\django\shortcuts.py", line 24, in render
    content = loader.render_to_string(template_name, context, request, using=using)
  File "D:\rfid_student_monitoring\venv\lib\site-packages\django\template\loader.py", line 62, in render_to_string
    return template.render(context, request)
  File "D:\rfid_student_monitoring\venv\lib\site-packages\django\template\backends\django.py", line 63, in render
    reraise(exc, self.backend)
  File "D:\rfid_student_monitoring\venv\lib\site-packages\django\template\backends\django.py", line 84, in reraise
    raise new from exc
django.template.exceptions.TemplateDoesNotExist: attendance_app/base.html
"GET /login/ HTTP/1.1" 500 139688
"GET / HTTP/1.1" 302 0
"GET /login/ HTTP/1.1" 200 13117
"GET /static/attendance_app/css/admin.css HTTP/1.1" 200 2441
"GET /static/attendance_app/js/admin.js HTTP/1.1" 200 5518
"GET /admin/courses/ HTTP/1.1" 302 0
"GET /admin/login/?next=/admin/courses/ HTTP/1.1" 200 13234
"GET /static/admin/css/dark_mode.css HTTP/1.1" 200 2929
"GET /static/admin/css/base.css HTTP/1.1" 200 21207
"GET /static/admin/css/login.css HTTP/1.1" 200 958
"GET /static/admin/css/nav_sidebar.css HTTP/1.1" 200 2694
"GET /static/admin/css/responsive.css HTTP/1.1" 200 18533
"GET /static/admin/js/theme.js HTTP/1.1" 200 1943
"GET /static/admin/js/nav_sidebar.js HTTP/1.1" 200 3063
"GET /kiosk/ HTTP/1.1" 200 16128
"GET /static/attendance_app/js/kiosk.js HTTP/1.1" 200 4652
Internal Server Error: /register/
Traceback (most recent call last):
  File "D:\rfid_student_monitoring\venv\lib\site-packages\django\core\handlers\exception.py", line 55, in inner
    response = get_response(request)
  File "D:\rfid_student_monitoring\venv\lib\site-packages\django\core\handlers\base.py", line 197, in _get_response
    response = wrapped_callback(request, *callback_args, **callback_kwargs)
  File "D:\rfid_student_monitoring\attendance_app\views.py", line 56, in register_view
    form = UserRegistrationForm()
  File "D:\rfid_student_monitoring\venv\lib\site-packages\django\contrib\auth\forms.py", line 120, in __init__
    super().__init__(*args, **kwargs)
  File "D:\rfid_student_monitoring\venv\lib\site-packages\django\forms\models.py", line 350, in __init__
    raise ValueError("ModelForm has no model class specified.")
ValueError: ModelForm has no model class specified.
"GET /register/ HTTP/1.1" 500 85829
"GET /admin/courses/ HTTP/1.1" 302 0
"GET /admin/login/?next=/admin/courses/ HTTP/1.1" 200 13233
Internal Server Error: /admin/login/
Traceback (most recent call last):
  File "D:\rfid_student_monitoring\venv\lib\site-packages\django\core\handlers\exception.py", line 55, in inner
    response = get_response(request)
  File "D:\rfid_student_monitoring\venv\lib\site-packages\django\core\handlers\base.py", line 197, in _get_response
    response = wrapped_callback(request, *callback_args, **callback_kwargs)
  File "D:\rfid_student_monitoring\venv\lib\site-packages\django\utils\decorators.py", line 46, in _wrapper
    return bound_method(*args, **kwargs)
  File "D:\rfid_student_monitoring\venv\lib\site-packages\django\views\decorators\cache.py", line 62, in _wrapper_view_func
    response = view_func(request, *args, **kwargs)
  File "D:\rfid_student_monitoring\venv\lib\site-packages\django\contrib\admin\sites.py", line 441, in login
    return LoginView.as_view(**defaults)(request)
  File "D:\rfid_student_monitoring\venv\lib\site-packages\django\views\generic\base.py", line 104, in view
    return self.dispatch(request, *args, **kwargs)
  File "D:\rfid_student_monitoring\venv\lib\site-packages\django\utils\decorators.py", line 46, in _wrapper
    return bound_method(*args, **kwargs)
  File "D:\rfid_student_monitoring\venv\lib\site-packages\django\views\decorators\debug.py", line 92, in sensitive_post_parameters_wrapper
    return view(request, *args, **kwargs)
  File "D:\rfid_student_monitoring\venv\lib\site-packages\django\utils\decorators.py", line 46, in _wrapper
    return bound_method(*args, **kwargs)
  File "D:\rfid_student_monitoring\venv\lib\site-packages\django\utils\decorators.py", line 134, in _wrapper_view
    response = view_func(request, *args, **kwargs)
  File "D:\rfid_student_monitoring\venv\lib\site-packages\django\utils\decorators.py", line 46, in _wrapper
    return bound_method(*args, **kwargs)
  File "D:\rfid_student_monitoring\venv\lib\site-packages\django\views\decorators\cache.py", line 62, in _wrapper_view_func
    response = view_func(request, *args, **kwargs)
  File "D:\rfid_student_monitoring\venv\lib\site-packages\django\contrib\auth\views.py", line 90, in dispatch
    return super().dispatch(request, *args, **kwargs)
  File "D:\rfid_student_monitoring\venv\lib\site-packages\django\views\generic\base.py", line 143, in dispatch
    return handler(request, *args, **kwargs)
  File "D:\rfid_student_monitoring\venv\lib\site-packages\django\views\generic\edit.py", line 153, in post
    return self.form_valid(form)
  File "D:\rfid_student_monitoring\venv\lib\site-packages\django\contrib\auth\views.py", line 109, in form_valid
    auth_login(self.request, form.get_user())
  File "D:\rfid_student_monitoring\venv\lib\site-packages\django\contrib\auth\__init__.py", line 144, in login
    user_logged_in.send(sender=user.__class__, request=request, user=user)
  File "D:\rfid_student_monitoring\venv\lib\site-packages\django\dispatch\dispatcher.py", line 176, in send
    return [
  File "D:\rfid_student_monitoring\venv\lib\site-packages\django\dispatch\dispatcher.py", line 177, in <listcomp>
    (receiver, receiver(signal=self, sender=sender, **named))
  File "D:\rfid_student_monitoring\venv\lib\site-packages\django\contrib\auth\models.py", line 23, in update_last_login
    user.save(update_fields=["last_login"])
  File "D:\rfid_student_monitoring\venv\lib\site-packages\django\contrib\auth\base_user.py", line 76, in save
    super().save(*args, **kwargs)
  File "D:\rfid_student_monitoring\venv\lib\site-packages\django\db\models\base.py", line 814, in save
    self.save_base(
  File "D:\rfid_student_monitoring\venv\lib\site-packages\django\db\models\base.py", line 892, in save_base
    post_save.send(
  File "D:\rfid_student_monitoring\venv\lib\site-packages\django\dispatch\dispatcher.py", line 176, in send
    return [
  File "D:\rfid_student_monitoring\venv\lib\site-packages\django\dispatch\dispatcher.py", line 177, in <listcomp>
    (receiver, receiver(signal=self, sender=sender, **named))
  File "D:\rfid_student_monitoring\attendance_app\models.py", line 153, in save_user_profile
    instance.userprofile.save()
  File "D:\rfid_student_monitoring\venv\lib\site-packages\django\db\models\fields\related_descriptors.py", line 492, in __get__
    raise self.RelatedObjectDoesNotExist(
django.contrib.auth.models.User.userprofile.RelatedObjectDoesNotExist: User has no userprofile.
"POST /admin/login/?next=/admin/courses/ HTTP/1.1" 500 188316
"GET /admin/login/?next=/admin/courses/ HTTP/1.1" 200 13233
Forbidden (CSRF token from POST incorrect.): /accounts/login/
"POST /accounts/login/ HTTP/1.1" 403 11494
Internal Server Error: /register/
Traceback (most recent call last):
  File "D:\rfid_student_monitoring\venv\lib\site-packages\django\core\handlers\exception.py", line 55, in inner
    response = get_response(request)
  File "D:\rfid_student_monitoring\venv\lib\site-packages\django\core\handlers\base.py", line 197, in _get_response
    response = wrapped_callback(request, *callback_args, **callback_kwargs)
  File "D:\rfid_student_monitoring\attendance_app\views.py", line 56, in register_view
    form = UserRegistrationForm()
  File "D:\rfid_student_monitoring\venv\lib\site-packages\django\contrib\auth\forms.py", line 120, in __init__
    super().__init__(*args, **kwargs)
  File "D:\rfid_student_monitoring\venv\lib\site-packages\django\forms\models.py", line 350, in __init__
    raise ValueError("ModelForm has no model class specified.")
ValueError: ModelForm has no model class specified.
"GET /register/ HTTP/1.1" 500 85828
"GET /admin/students/ HTTP/1.1" 302 0
"GET /admin/login/?next=/admin/students/ HTTP/1.1" 200 13236
"GET /admin/dashboard/ HTTP/1.1" 302 0
"GET /admin/login/?next=/admin/dashboard/ HTTP/1.1" 200 13239
"GET /__debug__/render_panel/?store_id=161e30a0da604338b173ac2ec9131e5f&panel_id=StaticFilesPanel HTTP/1.1" 200 32627
"GET /__debug__/render_panel/?store_id=161e30a0da604338b173ac2ec9131e5f&panel_id=TemplatesPanel HTTP/1.1" 200 5732
Forbidden (CSRF token from POST incorrect.): /accounts/login/
"POST /accounts/login/ HTTP/1.1" 403 11494
Watching for file changes with StatReloader
"GET / HTTP/1.1" 302 0
"GET /login/ HTTP/1.1" 200 13117
"GET /static/debug_toolbar/css/toolbar.css HTTP/1.1" 304 0
"GET /static/debug_toolbar/js/toolbar.js HTTP/1.1" 304 0
"GET /static/debug_toolbar/js/utils.js HTTP/1.1" 304 0
"GET /static/debug_toolbar/css/print.css HTTP/1.1" 304 0
"GET /admin/dashboard/ HTTP/1.1" 302 0
"GET /admin/login/?next=/admin/dashboard/ HTTP/1.1" 200 13240
"GET /kiosk/ HTTP/1.1" 200 16127
Internal Server Error: /register/
Traceback (most recent call last):
  File "D:\rfid_student_monitoring\venv\lib\site-packages\django\core\handlers\exception.py", line 55, in inner
    response = get_response(request)
  File "D:\rfid_student_monitoring\venv\lib\site-packages\django\core\handlers\base.py", line 197, in _get_response
    response = wrapped_callback(request, *callback_args, **callback_kwargs)
  File "D:\rfid_student_monitoring\attendance_app\views.py", line 56, in register_view
    form = UserRegistrationForm()
  File "D:\rfid_student_monitoring\venv\lib\site-packages\django\contrib\auth\forms.py", line 120, in __init__
    super().__init__(*args, **kwargs)
  File "D:\rfid_student_monitoring\venv\lib\site-packages\django\forms\models.py", line 350, in __init__
    raise ValueError("ModelForm has no model class specified.")
ValueError: ModelForm has no model class specified.
"GET /register/ HTTP/1.1" 500 86233
Watching for file changes with StatReloader
"GET / HTTP/1.1" 302 0
"GET /login/ HTTP/1.1" 200 13117
"GET /static/debug_toolbar/css/toolbar.css HTTP/1.1" 304 0
"GET /static/debug_toolbar/js/toolbar.js HTTP/1.1" 304 0
"GET /static/debug_toolbar/js/utils.js HTTP/1.1" 304 0
"GET /static/debug_toolbar/css/print.css HTTP/1.1" 304 0
"GET /kiosk/ HTTP/1.1" 200 16127
